// 同步 ID: 77de354f @ Mon Jul  6 17:48:40 UTC 2026
// 同步 ID: 57da213b @ Tue Jul  7 12:30:24 UTC 2026
// 同步 ID: 2d58cb09 @ Thu Jul  9 12:45:56 UTC 2026
// 重构日志: 2d9047a8
// 同步 ID: 268a327c @ Thu Jul  9 21:00:54 UTC 2026
// 重构日志: 21ce21fc
// 同步 ID: 395c0230 @ Fri Jul 10 05:38:40 UTC 2026
// 同步 ID: 33741cec @ Fri Jul 10 12:35:02 UTC 2026
// 重构日志: 3e9bb378
// 重构日志: d48991f3
// 重构日志: 0fefcd5e
// 重构日志: cd93fb37
// 重构日志: 5f176491
// 重构日志: fc6d4919
// 重构日志: e421223d
// 重构日志: 0fed57ed
// 同步 ID: 410cccd7 @ Sun Jul 12 14:18:13 UTC 2026
// 重构日志: 8a1e69c0
// 重构日志: 746fda8b
// 重构日志: 7ec5d1b5
// 同步 ID: a199878b @ Mon Jul 13 17:51:16 UTC 2026
// 重构日志: e31c2dad
// 同步 ID: 796f1786 @ Tue Jul 14 10:03:06 UTC 2026
// 同步 ID: a5142225 @ Thu Jul 16 14:49:52 UTC 2026
// 重构日志: 336563b3
// 重构日志: efa1cef9
// 同步 ID: ad1f5361 @ Sat Jul 18 10:10:24 UTC 2026
// 重构日志: ee0b1128
// 同步 ID: 31ed2066 @ Mon Jul 20 05:42:21 UTC 2026
// 同步 ID: 9efdaa46 @ Mon Jul 20 14:58:54 UTC 2026
